[2026-04-13 19:34:03] [MAIN] Starting Geo Processing Server...
[2026-04-13 19:34:03] [INET] Starting INET server...
[2026-04-13 19:34:03] [WORKER] Starting geo worker thread
[2026-04-13 19:34:03] [UNIX] Server listening on /tmp/geods
[2026-04-13 19:34:12] [INET] New connection on fd=7
[2026-04-13 19:34:12] [INET] New client assigned ID=1776108852
[2026-04-13 19:34:12] [GEO] Processed 5 points with 4 children, distance=342.83 km
[2026-04-13 19:38:19] [MAIN] Starting Geo Processing Server...
[2026-04-13 19:38:19] [INET] Starting INET server...
[2026-04-13 19:38:19] [UNIX] Server listening on /tmp/geods
[2026-04-13 19:38:19] [WORKER] Starting geo worker thread
[2026-04-13 19:38:36] [INET] New connection on fd=7
[2026-04-13 19:38:36] [INET] New client assigned ID=1776109116
[2026-04-13 19:38:36] [GEO] Processed 5 points with 4 children, distance=342.83 km
[2026-04-13 19:39:02] [INET] New connection on fd=7
[2026-04-13 19:39:02] [INET] New client assigned ID=1776109142
[2026-04-13 19:39:02] [GEO] Processed 3 points with 4 children, distance=0.00 km
[2026-04-13 21:19:15] [MAIN] Starting Geo Processing Server...
[2026-04-13 21:19:15] [INET] Starting INET server...
[2026-04-13 21:19:15] [WORKER] Starting geo worker thread
[2026-04-13 21:19:15] [UNIX] Server listening on /tmp/geods
[2026-04-13 21:22:09] [INET] New connection on fd=7
[2026-04-13 21:22:09] [INET] New client assigned ID=1776115329
[2026-04-13 21:22:09] [GEO] Processed 6 points with 4 children, distance=516.49 km
[2026-04-13 21:37:31] [MAIN] Starting Geo Processing Server...
[2026-04-13 21:37:31] [UNIX] Server listening on /tmp/geods
[2026-04-13 21:37:31] [INET] Starting INET server...
[2026-04-13 21:37:31] [WORKER] Starting geo worker thread
[2026-04-13 21:38:57] [INET] New connection on fd=6
[2026-04-13 21:38:57] [INET] New client assigned ID=1776116337
[2026-04-13 21:38:57] [INET] New client assigned ID=1776116337
[2026-04-13 21:43:34] [MAIN] Starting Geo Processing Server...
[2026-04-13 21:43:34] [WORKER] Starting geo worker thread
[2026-04-13 21:43:34] [INET] Starting INET server on port 18081...
[2026-04-13 21:43:34] [UNIX] Server listening on /tmp/geods
[2026-04-13 21:45:01] [INET] New connection on fd=6
[2026-04-13 21:45:01] [INET] New client assigned ID=1776116701
[2026-04-13 21:45:01] [GEO] Processed 6 points, distance=1416.94 km
[2026-04-13 21:47:00] [INET] New client assigned ID=1776116820
[2026-04-13 21:47:00] [GEO] Processed 46 points, distance=1941.43 km
[2026-04-13 21:47:48] [INET] New client assigned ID=1776116868
[2026-04-13 21:47:48] [GEO] Processed 4 points, distance=11643.27 km
[2026-04-13 22:02:11] [MAIN] Starting Geo Processing Server...
[2026-04-13 22:02:11] [INET] Starting INET server on port 18081...
[2026-04-13 22:02:11] [WORKER] Starting geo worker thread
[2026-04-13 22:02:11] [UNIX] Server listening on /tmp/geods
[2026-04-13 22:02:49] [INET] New connection on fd=6
[2026-04-13 22:02:49] [INET] New client assigned ID=1776117769
[2026-04-13 22:02:49] [GEO] Processed 5 points, distance=1243.28 km
[2026-04-13 22:02:54] [INET] New client assigned ID=1776117774
[2026-04-13 22:02:54] [GEO] Processed 5 points, distance=1243.28 km
[2026-04-13 22:03:08] [INET] New client assigned ID=1776117788
[2026-04-13 22:03:09] [GEO] Processed 5 points, distance=1243.28 km
[2026-04-13 22:03:15] [INET] New client assigned ID=1776117795
[2026-04-13 22:03:15] [GEO] Processed 5 points, distance=1243.28 km
[2026-04-13 22:03:20] [INET] New client assigned ID=1776117800
[2026-04-13 22:03:20] [GEO] Processed 5 points, distance=1243.28 km
[2026-04-13 22:03:25] [INET] New client assigned ID=1776117805
[2026-04-13 22:03:25] [GEO] Processed 5 points, distance=1243.28 km
[2026-04-13 22:03:31] [INET] New client assigned ID=1776117811
[2026-04-13 22:03:31] [GEO] Processed 3 points, distance=628.95 km
[2026-04-13 22:07:24] [INET] New connection on fd=6
[2026-04-13 22:07:24] [INET] New client assigned ID=1776118044
[2026-04-13 22:07:24] [GEO] Processed 1 points, distance=0.00 km
[2026-04-13 22:07:29] [INET] New client assigned ID=1776118049
[2026-04-13 22:07:29] [GEO] Processed 5 points, distance=1243.28 km
[2026-04-13 22:07:36] [INET] New client assigned ID=1776118056
[2026-04-13 22:07:36] [GEO] Processed 5 points, distance=1243.28 km
[2026-04-13 22:07:41] [INET] New client assigned ID=1776118061
[2026-04-13 22:07:41] [GEO] Processed 5 points, distance=1243.28 km
[2026-04-13 22:07:47] [INET] New client assigned ID=1776118067
[2026-04-13 22:07:47] [GEO] Processed 5 points, distance=1243.28 km
[2026-04-13 22:13:09] [MAIN] Starting Geo Processing Server...
[2026-04-13 22:13:09] [INET] Starting INET server on port 18081...
[2026-04-13 22:13:09] [WORKER] Starting geo worker thread
[2026-04-13 22:13:09] [UNIX] Server listening on /tmp/geods
[2026-04-13 22:14:08] [INET] New connection on fd=6
[2026-04-13 22:14:08] [INET] New client assigned ID=1776118448
[2026-04-13 22:14:08] [GEO] Processed 4 points, distance=832.01 km
[2026-04-14 09:14:32] [MAIN] Starting Geo Processing Server...
[2026-04-14 09:14:32] [INET] Starting INET server on port 18081...
[2026-04-14 09:14:32] [WORKER] Starting geo worker thread
[2026-04-14 09:14:32] [UNIX] Server listening on /tmp/geods
[2026-04-14 09:16:06] [INET] New connection on fd=6
[2026-04-14 09:17:16] [INET] New client assigned ID=1776158236
[2026-04-14 09:47:13] [MAIN] Starting Geo Processing Server...
[2026-04-14 09:47:13] [INET] Starting INET server on port 18081...
[2026-04-14 09:47:13] [WORKER] Starting geo worker thread
[2026-04-14 09:47:13] [UNIX] Server listening on /tmp/geods
[2026-04-14 09:48:00] [INET] New connection on fd=6
[2026-04-14 09:48:24] [INET] New connection on fd=6
[2026-04-14 09:48:37] [INET] New connection on fd=6
[2026-04-14 09:51:20] [MAIN] Starting Geo Processing Server...
[2026-04-14 09:51:20] [INET] Starting INET server on port 18081...
[2026-04-14 09:51:20] [WORKER] Starting geo worker thread
[2026-04-14 09:51:20] [UNIX] Server listening on /tmp/geods
[2026-04-14 09:51:45] [INET] New connection on fd=6
[2026-04-14 09:56:13] [MAIN] Starting Geo Processing Server...
[2026-04-14 09:56:13] [INET] Starting INET server on port 18081...
[2026-04-14 09:56:13] [UNIX] Server listening on /tmp/geods
[2026-04-14 09:56:13] [WORKER] Starting geo worker thread
[2026-04-14 09:56:21] [INET] New connection on fd=6
[2026-04-14 09:56:45] [INET] New connection on fd=6
[2026-04-14 09:57:48] [MAIN] Starting Geo Processing Server...
[2026-04-14 09:57:48] [INET] Starting INET server on port 18081...
[2026-04-14 09:57:48] [WORKER] Starting geo worker thread
[2026-04-14 09:57:48] [UNIX] Server listening on /tmp/geods
[2026-04-14 09:58:32] [INET] New connection on fd=6
[2026-04-14 09:58:51] [MAIN] Starting Geo Processing Server...
[2026-04-14 09:58:51] [WORKER] Starting geo worker thread
[2026-04-14 09:58:51] [UNIX] Server listening on /tmp/geods
[2026-04-14 09:58:51] [INET] Starting INET server on port 18081...
[2026-04-14 09:59:09] [INET] New connection on fd=6
[2026-04-14 10:02:53] [MAIN] Starting Geo Processing Server...
[2026-04-14 10:02:53] [INET] Starting INET server on port 18081...
[2026-04-14 10:02:53] [WORKER] Starting geo worker thread
[2026-04-14 10:02:53] [UNIX] Server listening on /tmp/geods
[2026-04-14 10:02:57] [INET] New connection on fd=6
[2026-04-14 10:03:59] [INET] New connection on fd=6
[2026-04-14 10:05:11] [MAIN] Starting Geo Processing Server...
[2026-04-14 10:05:11] [INET] Starting INET server on port 18081...
[2026-04-14 10:05:11] [WORKER] Starting geo worker thread
[2026-04-14 10:05:11] [INET] Failed to create socket
[2026-04-14 10:05:11] [UNIX] Server listening on /tmp/geods
[2026-04-14 10:06:24] [INET] New connection on fd=6
[2026-04-14 10:10:54] [MAIN] Starting Geo Processing Server...
[2026-04-14 10:10:54] [WORKER] Starting geo worker thread
[2026-04-14 10:10:54] [INET] Starting INET server on port 18081...
[2026-04-14 10:10:54] [UNIX] Server listening on /tmp/geods
[2026-04-14 10:11:27] [MAIN] Starting Geo Processing Server...
[2026-04-14 10:11:27] [INET] Starting INET server on port 18081...
[2026-04-14 10:11:27] [UNIX] Server listening on /tmp/geods
[2026-04-14 10:11:27] [WORKER] Starting geo worker thread
[2026-04-14 10:12:06] [INET] New connection on fd=6
[2026-04-14 10:12:37] [INET] New connection on fd=6
[2026-04-14 10:14:06] [INET] New connection on fd=6
[2026-04-14 10:14:10] [INET] New connection on fd=6
[2026-04-14 10:18:02] [INET] New connection on fd=6
[2026-04-14 10:20:05] [MAIN] Starting Geo Processing Server...
[2026-04-14 10:20:05] [INET] Starting INET server on port 18081...
[2026-04-14 10:20:05] [UNIX] Server listening on /tmp/geods
[2026-04-14 10:20:05] [WORKER] Starting geo worker thread
[2026-04-14 10:20:17] [INET] New connection on fd=6
[2026-04-14 10:20:24] [INET] New client assigned ID=1776162024
[2026-04-14 10:22:55] [INET] New connection on fd=6
[2026-04-14 10:23:46] [INET] New connection on fd=6
[2026-04-14 10:24:07] [MAIN] Starting Geo Processing Server...
[2026-04-14 10:24:07] [WORKER] Starting geo worker thread
[2026-04-14 10:24:07] [UNIX] Server listening on /tmp/geods
[2026-04-14 10:24:07] [INET] Starting INET server on port 18081...
[2026-04-14 10:24:07] [INET] Failed to create socket
[2026-04-14 10:24:28] [INET] New connection on fd=6
[2026-04-14 10:30:30] [MAIN] Starting Geo Processing Server...
[2026-04-14 10:30:30] [WORKER] Starting geo worker thread
[2026-04-14 10:30:30] [INET] Starting INET server on port 18081...
[2026-04-14 10:30:30] [UNIX] Server listening on /tmp/geods
[2026-04-14 10:30:30] [INET] Failed to create socket
[2026-04-14 10:30:58] [INET] New connection on fd=6
[2026-04-14 10:31:02] [AUTH] User user1 auth result: 1
[2026-04-14 10:31:02] [INET] User user1 authenticated, ID=1776162662
[2026-04-14 10:31:28] [INET] New connection on fd=7
[2026-04-14 10:34:33] [INET] New connection on fd=7
[2026-04-14 10:34:38] [INET] New client assigned ID=1776162878
[2026-04-14 10:36:25] [MAIN] Starting Geo Processing Server...
[2026-04-14 10:36:25] [INET] Starting INET server on port 18081...
[2026-04-14 10:36:25] [INET] Failed to create socket
[2026-04-14 10:36:25] [UNIX] Server listening on /tmp/geods
[2026-04-14 10:36:25] [WORKER] Starting geo worker thread
[2026-04-14 10:36:33] [INET] New connection on fd=6
[2026-04-14 10:36:40] [INET] New client assigned ID=1776163000
[2026-04-14 10:40:09] [MAIN] Starting Geo Processing Server...
[2026-04-14 10:40:09] [UNIX] Server listening on /tmp/geods
[2026-04-14 10:40:09] [WORKER] Starting geo worker thread
[2026-04-14 10:40:09] [INET] Starting INET server on port 18081...
[2026-04-14 10:40:09] [INET] Failed to create socket
[2026-04-14 10:40:14] [INET] New connection on fd=6
[2026-04-14 10:40:40] [INET] New connection on fd=6
[2026-04-14 10:42:12] [INET] New connection on fd=6
[2026-04-14 10:42:28] [INET] New connection on fd=6
[2026-04-14 10:43:00] [INET] New connection on fd=6
[2026-04-14 10:45:55] [MAIN] Starting Geo Processing Server...
[2026-04-14 10:45:55] [INET] Starting INET server on port 18081...
[2026-04-14 10:45:55] [UNIX] Server listening on /tmp/geods
[2026-04-14 10:45:55] [INET] Failed to create socket
[2026-04-14 10:45:55] [WORKER] Starting geo worker thread
[2026-04-14 10:46:04] [INET] New connection on fd=6
[2026-04-14 10:46:08] [AUTH] New user registered: sadasd
[2026-04-14 10:46:08] [INET] New user registered: sadasd, ID=1776163568
[2026-04-14 13:03:04] [INET] New connection on fd=6
[2026-04-14 13:03:31] [AUTH] User user1 auth result: 1
[2026-04-14 13:03:31] [INET] User user1 authenticated, ID=1776171811
[2026-04-14 13:07:13] [INET] New connection on fd=6
[2026-04-14 13:07:19] [AUTH] User sdadasd auth result: 0
[2026-04-14 13:07:19] [INET] Auth failed for user sdadasd
[2026-04-14 13:09:19] [INET] New connection on fd=6
[2026-04-14 13:09:24] [AUTH] User user1 auth result: 1
[2026-04-14 13:09:24] [INET] User user1 authenticated, ID=1776172164
[2026-04-14 13:09:54] [GEO] Client 1776172164: 3 points, distance=23647.54 km
[2026-04-14 13:12:56] [INET] New connection on fd=6
[2026-04-14 13:13:09] [AUTH] User user1 auth result: 1
[2026-04-14 13:13:09] [INET] User user1 authenticated, ID=1776172389
[2026-04-14 13:13:21] [GEO] Client 1776172389: 3 points, distance=23647.54 km
[2026-04-14 13:34:28] [INET] New connection on fd=6
[2026-04-14 13:34:38] [AUTH] User user1 auth result: 1
[2026-04-14 13:34:38] [INET] User user1 authenticated, ID=1776173678
[2026-04-14 13:34:47] [GEO] Client 1776173678: 2 points, distance=0.00 km
[2026-04-14 13:36:26] [INET] New connection on fd=6
[2026-04-14 13:36:31] [AUTH] User user1 auth result: 1
[2026-04-14 13:36:31] [INET] User user1 authenticated, ID=1776173791
[2026-04-14 13:36:36] [GEO] Client 1776173791: 2 points, distance=0.00 km
[2026-04-14 13:40:09] [MAIN] Starting Geo Processing Server...
[2026-04-14 13:40:09] [WORKER] Starting geo worker thread
[2026-04-14 13:40:09] [UNIX] Server listening on /tmp/geods
[2026-04-14 13:40:09] [INET] Starting INET server on port 18081...
[2026-04-14 13:40:09] [INET] Failed to create socket
[2026-04-14 13:40:16] [INET] New connection on fd=6
[2026-04-14 13:40:23] [AUTH] User user1 auth result: 1
[2026-04-14 13:40:23] [INET] User user1 authenticated, ID=1776174023
[2026-04-14 13:40:32] [GEO] Client 1776174023: 2 points, distance=0.00 km
[2026-04-14 13:41:18] [MAIN] Starting Geo Processing Server...
[2026-04-14 13:41:18] [INET] Starting INET server on port 18081...
[2026-04-14 13:41:18] [WORKER] Starting geo worker thread
[2026-04-14 13:41:18] [INET] Failed to create socket
[2026-04-14 13:41:18] [UNIX] Server listening on /tmp/geods
[2026-04-14 13:41:26] [INET] New connection on fd=6
[2026-04-14 13:41:30] [AUTH] User user1 auth result: 1
[2026-04-14 13:41:30] [INET] User user1 authenticated, ID=1776174090
[2026-04-14 13:41:37] [GEO] Client 1776174090: 2 points, distance=0.00 km
[2026-04-14 13:49:16] [INET] New connection on fd=6
[2026-04-14 13:49:39] [INET] New connection on fd=6
[2026-04-14 13:49:45] [AUTH] User user1 auth result: 1
[2026-04-14 13:49:45] [INET] User user1 authenticated, ID=1776174585
[2026-04-14 13:52:18] [INET] New connection on fd=6
[2026-04-14 13:52:24] [AUTH] User user1 auth result: 1
[2026-04-14 13:52:24] [INET] User user1 authenticated, ID=1776174744
[2026-04-14 13:52:30] [GEO] Client 1776174744: 2 points, distance=0.00 km
[2026-04-14 13:55:03] [MAIN] Starting Geo Processing Server...
[2026-04-14 13:55:03] [INET] Starting INET server on port 18081...
[2026-04-14 13:55:03] [UNIX] Server listening on /tmp/geods
[2026-04-14 13:55:03] [INET] Failed to create socket
[2026-04-14 13:55:03] [WORKER] Starting geo worker thread
[2026-04-14 13:55:16] [INET] New connection on fd=6
[2026-04-14 13:55:22] [AUTH] User user1 auth result: 1
[2026-04-14 13:55:22] [INET] User user1 authenticated, ID=1776174922
[2026-04-14 13:55:29] [GEO] Client 1776174922: 2 points, distance=0.00 km
[2026-04-14 13:55:59] [MAIN] Starting Geo Processing Server...
[2026-04-14 13:55:59] [INET] Starting INET server on port 18081...
[2026-04-14 13:55:59] [UNIX] Server listening on /tmp/geods
[2026-04-14 13:55:59] [WORKER] Starting geo worker thread
[2026-04-14 13:55:59] [INET] Failed to create socket
[2026-04-14 13:56:09] [INET] New connection on fd=6
[2026-04-14 13:56:15] [AUTH] User user1 auth result: 1
[2026-04-14 13:56:15] [INET] User user1 authenticated, ID=1776174975
[2026-04-14 13:56:21] [GEO] Client 1776174975: 2 points, distance=0.00 km
[2026-04-14 13:59:02] [INET] New connection on fd=6
[2026-04-14 13:59:07] [AUTH] User user1 auth result: 1
[2026-04-14 13:59:07] [INET] User user1 authenticated, ID=1776175147
[2026-04-14 13:59:13] [GEO] Client 1776175147: 2 points, distance=0.00 km
[2026-04-14 14:03:26] [INET] New connection on fd=6
[2026-04-14 14:03:31] [AUTH] User user1 auth result: 1
[2026-04-14 14:03:31] [INET] User user1 authenticated, ID=1776175411
[2026-04-14 14:03:36] [GEO] Client 1776175411: 2 points, distance=0.00 km
[2026-04-14 14:06:17] [INET] New connection on fd=6
[2026-04-14 14:06:22] [AUTH] User user1 auth result: 1
[2026-04-14 14:06:22] [INET] User user1 authenticated, ID=1776175582
[2026-04-14 14:06:27] [GEO] Client 1776175582: 2 points, distance=0.00 km
[2026-04-14 14:08:58] [INET] New connection on fd=6
[2026-04-14 14:09:04] [AUTH] User user1 auth result: 1
[2026-04-14 14:09:04] [INET] User user1 authenticated, ID=1776175744
[2026-04-14 14:09:12] [GEO] Client 1776175744: 2 points, distance=0.00 km
[2026-04-14 14:14:41] [MAIN] Starting Geo Processing Server...
[2026-04-14 14:14:41] [INET] Starting INET server on port 18081...
[2026-04-14 14:14:41] [WORKER] Starting geo worker thread
[2026-04-14 14:14:41] [UNIX] Server listening on /tmp/geods
[2026-04-14 14:14:41] [INET] Failed to create socket
[2026-04-14 14:14:47] [INET] New connection on fd=6
[2026-04-14 14:14:53] [AUTH] User user1 auth result: 1
[2026-04-14 14:14:53] [INET] User user1 authenticated, ID=1776176093
[2026-04-14 14:14:58] [GEO] Client 1776176093: 2 points, distance=0.00 km
[2026-04-14 14:18:39] [INET] New connection on fd=6
[2026-04-14 14:18:44] [AUTH] User user1 auth result: 1
[2026-04-14 14:18:44] [INET] User user1 authenticated, ID=1776176324
[2026-04-14 14:18:57] [GEO] Client 1776176324: 5 points, distance=10491.36 km
[2026-04-14 14:19:43] [INET] New connection on fd=6
[2026-04-14 14:19:51] [AUTH] User user1 auth result: 1
[2026-04-14 14:19:51] [INET] User user1 authenticated, ID=1776176391
[2026-04-14 14:19:57] [GEO] Client 1776176391: 2 points, distance=0.00 km
[2026-04-14 14:23:38] [MAIN] Starting Geo Processing Server...
[2026-04-14 14:23:38] [INET] Starting INET server on port 18081...
[2026-04-14 14:23:38] [WORKER] Starting geo worker thread
[2026-04-14 14:23:38] [INET] Failed to create socket
[2026-04-14 14:23:38] [UNIX] Server listening on /tmp/geods
[2026-04-14 14:23:45] [INET] New connection on fd=6
[2026-04-14 14:23:50] [AUTH] User user1 auth result: 1
[2026-04-14 14:23:50] [INET] User user1 authenticated, ID=1776176630
[2026-04-14 14:23:56] [GEO] Client 1776176630: 2 points, distance=0.00 km
[2026-04-14 14:25:07] [INET] New connection on fd=6
[2026-04-14 14:25:11] [AUTH] User user1 auth result: 1
[2026-04-14 14:25:11] [INET] User user1 authenticated, ID=1776176711
[2026-04-14 14:25:16] [GEO] Client 1776176711: 2 points, distance=0.00 km
[2026-04-14 14:26:23] [INET] New connection on fd=6
[2026-04-14 14:26:29] [AUTH] User user1 auth result: 1
[2026-04-14 14:26:29] [INET] User user1 authenticated, ID=1776176789
[2026-04-14 14:26:37] [GEO] Client 1776176789: 2 points, distance=0.00 km
[2026-04-14 14:28:53] [INET] New connection on fd=6
[2026-04-14 14:28:58] [AUTH] User user1 auth result: 0
[2026-04-14 14:28:58] [INET] Auth failed for user user1
[2026-04-14 14:29:30] [INET] New connection on fd=6
[2026-04-14 14:29:33] [AUTH] User user1 auth result: 1
[2026-04-14 14:29:33] [INET] User user1 authenticated, ID=1776176973
[2026-04-14 14:29:44] [GEO] Client 1776176973: 5 points, distance=41843.24 km
[2026-04-14 14:39:31] [INET] New connection on fd=6
[2026-04-14 14:39:42] [MAIN] Starting Geo Processing Server...
[2026-04-14 14:39:42] [WORKER] Starting geo worker thread
[2026-04-14 14:39:42] [INET] Starting INET server on port 18081...
[2026-04-14 14:39:42] [INET] Failed to create socket
[2026-04-14 14:39:42] [UNIX] Server listening on /tmp/geods
[2026-04-14 14:39:48] [AUTH] User user1 auth result: 1
[2026-04-14 14:39:48] [INET] User user1 authenticated, ID=1776177588
[2026-04-14 14:39:57] [GEO] Client 1776177588: 2 points, distance=0.00 km
[2026-04-14 14:45:06] [MAIN] Starting Geo Processing Server...
[2026-04-14 14:45:06] [WORKER] Starting geo worker thread
[2026-04-14 14:45:06] [INET] Starting INET server on port 18081...
[2026-04-14 14:45:06] [INET] Failed to create socket
[2026-04-14 14:45:06] [UNIX] Server listening on /tmp/geods
[2026-04-14 14:45:12] [GEO] Client 1776177588: 15 points, distance=0.00 km
[2026-04-14 14:45:18] [INET] New connection on fd=6
[2026-04-14 14:45:22] [AUTH] User user1 auth result: 1
[2026-04-14 14:45:22] [INET] User user1 authenticated, ID=1776177922
[2026-04-14 14:45:28] [GEO] Client 1776177922: 2 points, distance=0.00 km
[2026-04-14 14:46:59] [MAIN] Starting Geo Processing Server...
[2026-04-14 14:46:59] [INET] Starting INET server on port 18081...
[2026-04-14 14:46:59] [INET] Failed to create socket
[2026-04-14 14:46:59] [UNIX] Server listening on /tmp/geods
[2026-04-14 14:46:59] [WORKER] Starting geo worker thread
[2026-04-14 14:47:04] [GEO] Client 1776177922: 15 points, distance=0.00 km
[2026-04-14 14:47:13] [INET] New connection on fd=6
[2026-04-14 14:47:18] [AUTH] User user1 auth result: 1
[2026-04-14 14:47:18] [INET] User user1 authenticated, ID=1776178038
[2026-04-14 14:47:28] [GEO] Client 1776178038: 2 points, distance=0.00 km
[2026-04-14 14:47:41] [GEO] Client 1776178038: 15 points, distance=0.00 km
[2026-04-14 14:47:43] [INET] New connection on fd=6
[2026-04-14 14:50:49] [INET] New connection on fd=6
[2026-04-14 14:50:54] [AUTH] User user1 auth result: 1
[2026-04-14 14:50:54] [INET] User user1 authenticated, ID=1776178254
[2026-04-14 14:50:59] [GEO] Client 1776178254: 1 points, distance=0.00 km
[2026-04-14 14:53:43] [MAIN] Starting Geo Processing Server...
[2026-04-14 14:53:43] [INET] Starting INET server on port 18081...
[2026-04-14 14:53:43] [WORKER] Starting geo worker thread
[2026-04-14 14:53:43] [INET] Failed to create socket
[2026-04-14 14:53:43] [UNIX] Server listening on /tmp/geods
[2026-04-14 14:53:49] [INET] New connection on fd=6
[2026-04-14 14:53:53] [AUTH] User user1 auth result: 1
[2026-04-14 14:53:53] [INET] User user1 authenticated, ID=1776178433
[2026-04-14 14:53:58] [GEO] Client 1776178433: 1 points, distance=0.00 km
[2026-04-14 14:56:04] [MAIN] Starting Geo Processing Server...
[2026-04-14 14:56:04] [INET] Starting INET server on port 18081...
[2026-04-14 14:56:04] [INET] Failed to create socket
[2026-04-14 14:56:04] [UNIX] Server listening on /tmp/geods
[2026-04-14 14:56:04] [WORKER] Starting geo worker thread
[2026-04-14 14:56:28] [MAIN] Starting Geo Processing Server...
[2026-04-14 14:56:28] [INET] Starting INET server on port 18081...
[2026-04-14 14:56:28] [WORKER] Starting geo worker thread
[2026-04-14 14:56:28] [UNIX] Server listening on /tmp/geods
[2026-04-14 14:56:32] [INET] New connection on fd=6
[2026-04-14 14:56:38] [AUTH] User user1 auth result: 1
[2026-04-14 14:56:38] [SESSION] Created session 1000 for user user1
[2026-04-14 14:56:38] [INET] User user1 authenticated, session=1000
[2026-04-14 14:56:44] [GEO] Session 1000: 2 points, distance=411.27 km
[2026-04-14 14:59:14] [GEO] Session 1000: 5 points, distance=1243.28 km
[2026-04-14 15:03:11] [MAIN] Starting Geo Processing Server...
[2026-04-14 15:03:11] [WORKER] Starting geo worker thread
[2026-04-14 15:03:11] [INET] Starting INET server on port 18081...
[2026-04-14 15:03:11] [INET] Port 18081 already in use. Killing old server...
[2026-04-14 15:03:11] [UNIX] Server listening on /tmp/geods
[2026-04-14 15:03:21] [MAIN] Starting Geo Processing Server...
[2026-04-14 15:03:21] [INET] Starting INET server on port 18081...
[2026-04-14 15:03:21] [WORKER] Starting geo worker thread
[2026-04-14 15:03:21] [UNIX] Server listening on /tmp/geods
[2026-04-14 15:03:21] [INET] Port 18081 already in use. Killing old server...
[2026-04-14 15:05:22] [INET] New connection on fd=6
[2026-04-14 15:05:27] [AUTH] User user1 auth result: 1
[2026-04-14 15:05:27] [SESSION] Created session 1000 for user user1
[2026-04-14 15:05:27] [INET] User user1 authenticated, session=1000
[2026-04-14 15:05:34] [GEO] Session 1000: 6 points, distance=2056.36 km
[2026-04-14 15:09:52] [SESSION] Invalidated session 1000
[2026-04-14 15:09:57] [INET] New connection on fd=6
[2026-04-14 15:10:01] [AUTH] User user1 auth result: 1
[2026-04-14 15:10:01] [SESSION] Created session 1001 for user user1
[2026-04-14 15:10:01] [INET] User user1 authenticated, session=1001
[2026-04-14 15:10:05] [SESSION] Invalidated session 1001
[2026-04-14 15:10:07] [INET] New connection on fd=6
[2026-04-14 15:10:11] [AUTH] User user1 auth result: 1
[2026-04-14 15:10:11] [SESSION] Created session 1002 for user user1
[2026-04-14 15:10:11] [INET] User user1 authenticated, session=1002
[2026-04-14 15:10:16] [GEO] Session 1002: 5 points, distance=1243.28 km
[2026-04-14 15:10:24] [GEO] Session 1002: 5 points, distance=1243.28 km
[2026-04-14 15:10:35] [GEO] Session 1002: 5 points, distance=1243.28 km
[2026-04-14 15:10:53] [GEO] Session 1002: 5 points, distance=1243.28 km
[2026-04-14 15:13:51] [GEO] Session 1002: 2 points, distance=12209.01 km
[2026-04-14 15:18:39] [SESSION] Invalidated session 1002
[2026-04-14 15:19:28] [MAIN] Starting Geo Processing Server...
[2026-04-14 15:19:28] [INET] Starting INET server on port 18081...
[2026-04-14 15:19:28] [WORKER] Starting geo worker thread
[2026-04-14 15:19:28] [UNIX] Server listening on /tmp/geods
[2026-04-14 15:19:43] [INET] New connection on fd=6
[2026-04-14 15:19:47] [AUTH] User user1 auth result: 1
[2026-04-14 15:19:47] [SESSION] Created session 1000 for user user1
[2026-04-14 15:19:47] [INET] User user1 authenticated, session=1000
[2026-04-14 15:20:10] [GEO] Session 1000: 3 points, distance=628.95 km
[2026-04-14 15:32:40] [MAIN] Starting Geo Processing Server...
[2026-04-14 15:32:40] [INET] Starting INET server on port 18081...
[2026-04-14 15:32:40] [UNIX] Server listening on /tmp/geods
[2026-04-14 15:32:40] [WORKER] Starting geo worker thread
[2026-04-14 15:32:45] [INET] New connection on fd=6
[2026-04-14 15:32:52] [AUTH] User user1 auth result: 1
[2026-04-14 15:32:52] [SESSION] Created session 1000 for user user1
[2026-04-14 15:32:52] [INET] User user1 authenticated, session=1000
[2026-04-14 15:32:58] [GEO] Session 1000: 2 points, distance=411.27 km
[2026-04-14 15:33:02] [GEO] Session 1000: 5 points, distance=411.27 km
[2026-04-14 15:33:05] [GEO] Session 1000: 6 points, distance=2056.36 km
[2026-04-14 15:33:27] [INET] New connection on fd=6
[2026-04-14 15:33:32] [AUTH] User user1 auth result: 0
[2026-04-14 15:33:32] [INET] Auth failed for user user1
[2026-04-14 15:33:47] [INET] New connection on fd=6
[2026-04-14 15:33:51] [AUTH] User user1 auth result: 1
[2026-04-14 15:33:51] [SESSION] Created session 1001 for user user1
[2026-04-14 15:33:51] [INET] User user1 authenticated, session=1001
[2026-04-14 15:34:38] [GEO] Session 1001: 3 points, distance=628.95 km
[2026-04-14 15:40:59] [MAIN] Starting Geo Processing Server...
[2026-04-14 15:40:59] [WORKER] Starting geo worker thread
[2026-04-14 15:40:59] [INET] Starting INET server on port 18081...
[2026-04-14 15:40:59] [UNIX] Server listening on /tmp/geods
[2026-04-14 15:41:03] [INET] New connection on fd=6
[2026-04-14 15:41:07] [AUTH] User user1 auth result: 1
[2026-04-14 15:41:07] [SESSION] Created session 1000 for user user1
[2026-04-14 15:41:07] [INET] User user1 authenticated, session=1000
[2026-04-14 15:41:33] [GEO] Session 1000: 3 points, distance=628.95 km
[2026-04-14 15:42:07] [GEO] Session 1000: 3 points, distance=628.95 km
[2026-04-14 15:42:29] [GEO] Session 1000: 2 points, distance=411.27 km
[2026-04-14 15:44:32] [INET] New connection on fd=6
[2026-04-14 15:44:36] [AUTH] User user1 auth result: 1
[2026-04-14 15:44:36] [SESSION] Created session 1001 for user user1
[2026-04-14 15:44:36] [INET] User user1 authenticated, session=1001
[2026-04-14 15:44:41] [GEO] Session 1001: 2 points, distance=411.27 km
[2026-04-14 15:44:46] [GEO] Session 1001: 5 points, distance=1243.28 km
[2026-04-14 15:44:53] [GEO] Session 1001: 5 points, distance=1243.28 km
[2026-04-14 15:45:27] [GEO] Session 1001: 5 points, distance=1243.28 km
[2026-04-14 15:52:38] [MAIN] Starting Geo Processing Server...
[2026-04-14 15:52:38] [INET] Starting INET server on port 18081...
[2026-04-14 15:52:38] [WORKER] Starting geo worker thread
[2026-04-14 15:52:38] [UNIX] Server listening on /tmp/geods
[2026-04-14 15:52:53] [MAIN] Starting Geo Processing Server...
[2026-04-14 15:52:53] [INET] Starting INET server on port 18081...
[2026-04-14 15:52:53] [WORKER] Starting geo worker thread
[2026-04-14 15:52:53] [UNIX] Server listening on /tmp/geods
[2026-04-14 15:53:14] [INET] New connection on fd=6
[2026-04-14 15:53:39] [INET] New connection on fd=6
[2026-04-14 15:53:48] [AUTH] Cannot open passwords file: /home/Anatol/Desktop/Proiect/PCD/my_passwords.txt
[2026-04-14 15:53:48] [INET] Auth failed for user user1
[2026-04-14 15:54:13] [INET] New connection on fd=6
[2026-04-14 15:54:17] [AUTH] Cannot open passwords file: /home/Anatol/Desktop/Proiect/PCD/my_passwords.txt
[2026-04-14 15:54:17] [INET] Auth failed for user user1
[2026-04-14 15:54:49] [INET] New connection on fd=6
[2026-04-14 15:54:54] [AUTH] Cannot open passwords file: /home/Anatol/Desktop/Proiect/PCD/my_passwords.txt
[2026-04-14 15:54:54] [INET] Auth failed for user user1
[2026-04-14 15:56:17] [INET] New connection on fd=6
[2026-04-14 15:56:22] [AUTH] New user registered: sad (in /home/Anatol/Desktop/Proiect/PCD/my_passwords.txt)
[2026-04-14 15:56:22] [SESSION] Created session 1000 for user sad
[2026-04-14 15:56:22] [INET] New user registered: sad, session=1000
[2026-04-14 15:56:29] [INET] New connection on fd=6
[2026-04-14 15:56:33] [AUTH] User sad auth result: 1 (using /home/Anatol/Desktop/Proiect/PCD/my_passwords.txt)
[2026-04-14 15:56:33] [SESSION] Created session 1001 for user sad
[2026-04-14 15:56:33] [INET] User sad authenticated, session=1001
[2026-04-14 16:01:01] [INET] New connection on fd=6
[2026-04-14 16:01:09] [INET] New connection on fd=6
[2026-04-14 16:01:16] [AUTH] User user1 auth result: 0 (using /home/Anatol/Desktop/Proiect/PCD/my_passwords.txt)
[2026-04-14 16:01:16] [INET] Auth failed for user user1
[2026-04-14 16:01:29] [INET] New connection on fd=6
[2026-04-14 16:01:33] [AUTH] User sad auth result: 1 (using /home/Anatol/Desktop/Proiect/PCD/my_passwords.txt)
[2026-04-14 16:01:33] [SESSION] Created session 1002 for user sad
[2026-04-14 16:01:33] [INET] User sad authenticated, session=1002
[2026-04-14 16:01:35] [SESSION] Invalidated session 1002
[2026-04-14 16:05:28] [INET] New connection on fd=6
[2026-04-14 16:05:34] [AUTH] User sad auth result: 1 (using /home/Anatol/Desktop/Proiect/PCD/my_passwords.txt)
[2026-04-14 16:05:34] [SESSION] Created session 1003 for user sad
[2026-04-14 16:05:34] [INET] User sad authenticated, session=1003
[2026-04-14 16:05:46] [SESSION] Invalidated session 1003
[2026-04-14 16:05:49] [INET] New connection on fd=6
[2026-04-14 16:05:56] [AUTH] User asd auth result: 0 (using /home/Anatol/Desktop/Proiect/PCD/my_passwords.txt)
[2026-04-14 16:05:56] [INET] Auth failed for user asd
[2026-04-14 16:08:47] [INET] New connection on fd=6
[2026-04-14 16:08:52] [AUTH] User sad auth result: 1 (using /home/Anatol/Desktop/Proiect/PCD/my_passwords.txt)
[2026-04-14 16:08:52] [SESSION] Created session 1004 for user sad
[2026-04-14 16:08:52] [INET] User sad authenticated, session=1004
[2026-04-14 16:09:06] [GEO] Session 1004: 2 points, distance=411.27 km
[2026-04-14 16:22:59] [INET] New connection on fd=7
[2026-04-14 16:23:35] [INET] New connection on fd=8
[2026-04-14 16:23:35] [INET] New connection on fd=9
[2026-04-14 16:23:35] [AUTH] User sad auth result: 0 (using /home/Anatol/Desktop/Proiect/PCD/my_passwords.txt)
[2026-04-14 16:23:35] [INET] Auth failed for user sad
[2026-04-14 16:23:35] [AUTH] User sad auth result: 0 (using /home/Anatol/Desktop/Proiect/PCD/my_passwords.txt)
[2026-04-14 16:23:35] [INET] Auth failed for user sad
[2026-04-14 16:23:35] [INET] New connection on fd=8
[2026-04-14 16:24:36] [MAIN] Starting Geo Processing Server...
[2026-04-14 16:24:40] [UNIX] Server listening on /tmp/geods
[2026-04-14 16:24:40] [INET] Starting INET server on port 18081...
[2026-04-14 16:24:40] [WORKER] Starting geo worker thread
[2026-04-14 16:24:56] [INET] New connection on fd=6
[2026-04-14 16:25:03] [INET] New connection on fd=6
[2026-04-14 16:25:08] [AUTH] User sad auth result: 0 (using passwords.txt)
[2026-04-14 16:25:08] [INET] Auth failed for user sad
[2026-04-14 16:25:59] [INET] New connection on fd=6
[2026-04-14 16:26:02] [AUTH] User sad auth result: 0 (using passwords.txt)
[2026-04-14 16:26:02] [INET] Auth failed for user sad
[2026-04-14 16:26:18] [MAIN] Starting Geo Processing Server...
[2026-04-14 16:26:19] [UNIX] Server listening on /tmp/geods
[2026-04-14 16:26:19] [WORKER] Starting geo worker thread
[2026-04-14 16:26:19] [INET] Starting INET server on port 18081...
[2026-04-14 16:28:10] [INET] New connection on fd=6
[2026-04-14 16:28:17] [AUTH] New user registered: sad (in passwords.txt)
[2026-04-14 16:28:17] [SESSION] Created session 1000 for user sad
[2026-04-14 16:28:17] [INET] New user registered: sad, session=1000
[2026-04-14 16:28:39] [INET] New connection on fd=6
[2026-04-14 16:28:42] [AUTH] User sad auth result: 1 (using passwords.txt)
[2026-04-14 16:28:42] [SESSION] Created session 1001 f[2026-04-14 18:29:45] [MAIN] Starting Geo Processing Server...
[2026-04-14 18:29:45] [INET] Starting INET server on port 18081...
[2026-04-14 18:29:45] [WORKER] Starting geo worker thread
[2026-04-14 18:29:45] [UNIX] Server listening on /tmp/geods
[2026-04-14 18:29:58] [UNIX] Admin connected
[2026-04-14 18:30:14] [UNIX] Admin disconnected
[2026-04-14 18:30:16] [UNIX] Admin connected
[2026-04-14 18:32:36] [UNIX] Admin disconnected
[2026-04-14 18:33:16] [UNIX] Admin connected
[2026-04-14 18:34:29] [UNIX] Admin disconnected
[2026-04-14 18:34:36] [UNIX] Admin connected
[2026-04-14 18:35:37] [UNIX] Admin disconnected
[2026-04-14 18:38:15] [INET] New connection on fd=6
[2026-04-14 18:38:25] [UNIX] Admin connected
[2026-04-14 18:38:39] [AUTH] User user1 auth result: 1 (using passwords.txt)
[2026-04-14 18:38:39] [SESSION] Created session 1000 for user user1
[2026-04-14 18:38:39] [INET] User user1 authenticated, session=1000
[2026-04-14 18:38:55] [GEO] Session 1000: 2 points, distance=411.27 km
[2026-04-14 18:39:25] [GEO] Session 1000: 2 points, distance=411.27 km
[2026-04-14 18:39:26] [GEO] Session 1000: 2 points, distance=411.27 km
[2026-04-14 18:39:26] [GEO] Session 1000: 2 points, distance=411.27 km
[2026-04-14 18:39:27] [GEO] Session 1000: 2 points, distance=411.27 km
[2026-04-14 18:39:27] [GEO] Session 1000: 2 points, distance=411.27 km
[2026-04-14 18:39:27] [GEO] Session 1000: 2 points, distance=411.27 km
[2026-04-14 18:39:28] [GEO] Session 1000: 2 points, distance=411.27 km
[2026-04-14 18:40:59] [GEO] Session 1000: 5 points, distance=1243.28 km
[2026-04-14 18:48:52] [MAIN] Starting Geo Processing Server...
[2026-04-14 18:48:52] [INET] Starting INET server on port 18081...
[2026-04-14 18:48:52] [WORKER] Starting geo worker thread
[2026-04-14 18:48:52] [UNIX] Server listening on /tmp/geods
[2026-04-14 18:49:09] [INET] New connection on fd=6
[2026-04-14 18:49:25] [UNIX] Admin connected
[2026-04-14 18:49:36] [AUTH] User user1 auth result: 1 (using passwords.txt)
[2026-04-14 18:49:36] [SESSION] Created session 1000 for user user1
[2026-04-14 18:49:36] [INET] User user1 authenticated, session=1000
[2026-04-14 18:50:33] [GEO] Session 1000: 2 points, distance=411.27 km
[2026-04-14 18:51:41] [UNIX] Admin disconnected
[2026-04-16 22:10:36] [MAIN] Starting Geo Processing Server...
[2026-04-16 22:10:36] [INET] Starting INET server on port 18081...
[2026-04-16 22:10:36] [UNIX] Server listening on /tmp/geods
[2026-04-16 22:10:36] [WORKER] Starting geo worker thread
[2026-04-16 22:11:01] [UNIX] Admin connected
[2026-04-16 22:11:20] [INET] New connection on fd=7
[2026-04-16 22:11:26] [AUTH] User user1 auth result: 1 (using passwords.txt)
[2026-04-16 22:11:26] [SESSION] Created session 1000 for user user1
[2026-04-16 22:11:26] [INET] User user1 authenticated, session=1000
[2026-04-16 22:12:06] [QUEUE] Task 1 added: manual_input
[2026-04-16 22:12:06] [GEO] Session 1000: 2 points, distance=411.27 km
[2026-04-16 22:12:07] [QUEUE] Task 2 added: manual_input
[2026-04-16 22:12:07] [GEO] Session 1000: 2 points, distance=411.27 km
[2026-04-16 22:12:08] [QUEUE] Task 3 added: manual_input
[2026-04-16 22:12:08] [GEO] Session 1000: 2 points, distance=411.27 km
[2026-04-16 22:12:08] [QUEUE] Task 4 added: manual_input
[2026-04-16 22:12:08] [GEO] Session 1000: 2 points, distance=411.27 km
[2026-04-16 22:12:18] [QUEUE] Task 5 added: manual_input
[2026-04-16 22:12:18] [GEO] Session 1000: 9 points, distance=411.27 km
[2026-04-16 22:12:18] [QUEUE] Task 6 added: manual_input
[2026-04-16 22:12:18] [GEO] Session 1000: 9 points, distance=5109.63 km
[2026-04-16 22:12:18] [QUEUE] Task 7 added: manual_input
[2026-04-16 22:12:18] [GEO] Session 1000: 8 points, distance=0.00 km
[2026-04-16 22:12:18] [QUEUE] Task 8 added: manual_input
[2026-04-16 22:12:18] [GEO] Session 1000: 9 points, distance=4809.98 km
[2026-04-16 22:12:18] [QUEUE] Task 9 added: manual_input
[2026-04-16 22:12:18] [GEO] Session 1000: 9 points, distance=6519.96 km
[2026-04-16 22:12:18] [QUEUE] Task 10 added: manual_input
[2026-04-16 22:12:18] [GEO] Session 1000: 9 points, distance=15316.14 km
[2026-04-16 22:12:18] [QUEUE] Task 11 added: manual_input
[2026-04-16 22:12:18] [GEO] Session 1000: 8 points, distance=0.00 km
[2026-04-16 22:12:18] [QUEUE] Task 12 added: manual_input
[2026-04-16 22:12:18] [GEO] Session 1000: 9 points, distance=6490.62 km
[2026-04-16 22:12:18] [QUEUE] Task 13 added: manual_input
[2026-04-16 22:12:18] [GEO] Session 1000: 9 points, distance=4975.70 km
[2026-04-16 22:12:18] [QUEUE] Task 14 added: manual_input
[2026-04-16 22:12:18] [GEO] Session 1000: 9 points, distance=4619.23 km
[2026-04-16 22:12:19] [QUEUE] Task 15 added: manual_input
[2026-04-16 22:12:19] [GEO] Session 1000: 8 points, distance=0.00 km
[2026-04-16 22:12:19] [QUEUE] Task 16 added: manual_input
[2026-04-16 22:12:19] [GEO] Session 1000: 8 points, distance=0.00 km
[2026-04-16 22:12:19] [QUEUE] Task 17 added: manual_input
[2026-04-16 22:12:19] [GEO] Session 1000: 9 points, distance=4086.97 km
[2026-04-16 22:12:19] [QUEUE] Task 18 added: manual_input
[2026-04-16 22:12:19] [GEO] Session 1000: 9 points, distance=6519.96 km
[2026-04-16 22:12:19] [QUEUE] Task 19 added: manual_input
[2026-04-16 22:12:19] [GEO] Session 1000: 9 points, distance=2490.19 km
[2026-04-16 22:12:19] [QUEUE] Task 20 added: manual_input
[2026-04-16 22:12:19] [GEO] Session 1000: 8 points, distance=0.00 km
[2026-04-16 22:12:19] [QUEUE] Task 21 added: manual_input
[2026-04-16 22:12:19] [GEO] Session 1000: 1 points, distance=0.00 km
[2026-04-16 22:15:12] [UNIX] Admin disconnected
[2026-04-16 22:32:10] [MAIN] Starting Geo Processing Server...
[2026-04-16 22:32:10] [UNIX] Server listening on /tmp/geods
[2026-04-16 22:32:10] [INET] Starting INET server on port 18081...
[2026-04-16 22:32:10] [WORKER] Starting geo worker thread
[2026-04-16 22:35:05] [MAIN] Starting Geo Processing Server...
[2026-04-16 22:35:05] [INET] Starting INET server on port 18081...
[2026-04-16 22:35:05] [UNIX] Server listening on /tmp/geods
[2026-04-16 22:35:05] [WORKER] Starting geo worker thread
[2026-04-16 22:35:16] [MAIN] Starting Geo Processing Server...
[2026-04-16 22:35:16] [INET] Starting INET server on port 18081...
[2026-04-16 22:35:16] [WORKER] Starting geo worker thread
[2026-04-16 22:35:16] [UNIX] Server listening on /tmp/geods
[2026-04-16 22:35:49] [MAIN] Starting Geo Processing Server...
[2026-04-16 22:35:49] [INET] Starting INET server on port 18081...
[2026-04-16 22:35:49] [UNIX] Server listening on /tmp/geods
[2026-04-16 22:35:49] [WORKER] Starting geo worker thread
[2026-04-16 22:36:59] [MAIN] Starting Geo Processing Server...
[2026-04-16 22:36:59] [INET] Starting INET server on port 18081...
[2026-04-16 22:36:59] [UNIX] Server listening on /tmp/geods
[2026-04-16 22:36:59] [WORKER] Starting geo worker thread
[2026-04-16 22:37:11] [UNIX] Admin connected
[2026-04-16 22:37:46] [INET] New connection on fd=7
[2026-04-16 22:37:53] [AUTH] User user1 auth result: 1 (using passwords.txt)
[2026-04-16 22:37:53] [SESSION] Created session 1000 for user user1
[2026-04-16 22:37:53] [INET] User user1 authenticated, session=1000
[2026-04-16 22:38:32] [MAIN] Starting Geo Processing Server...
[2026-04-16 22:38:32] [INET] Starting INET server on port 18081...
[2026-04-16 22:38:32] [WORKER] Starting geo worker thread
[2026-04-16 22:38:32] [UNIX] Server listening on /tmp/geods
[2026-04-16 22:38:55] [INET] New connection on fd=6
[2026-04-16 22:39:20] [UNIX] Admin connected
[2026-04-16 22:39:37] [AUTH] User user1 auth result: 1 (using passwords.txt)
[2026-04-16 22:39:37] [SESSION] Created session 1000 for user user1
[2026-04-16 22:39:37] [INET] User user1 authenticated, session=1000
[2026-04-16 22:39:42] [QUEUE] Task 1 added: manual_input
[2026-04-16 22:39:42] [GEO] Session 1000: 2 points, distance=411.27 km
[2026-04-16 22:40:46] [ADMIN] Terminated session 1000 for user user1
[2026-04-18 10:56:05] [MAIN] Starting Geo Processing Server...
[2026-04-18 10:56:05] [INET] Starting INET server on port 18081...
[2026-04-18 10:56:05] [WORKER] Starting geo worker thread
[2026-04-18 10:56:05] [UNIX] Server listening on /tmp/geods
[2026-04-18 10:56:14] [MAIN] Starting Geo Processing Server...
[2026-04-18 10:56:14] [INET] Starting INET server on port 18081...
[2026-04-18 10:56:14] [WORKER] Starting geo worker thread
[2026-04-18 10:56:14] [INET] Failed to create socket
[2026-04-18 10:56:14] [UNIX] Server listening on /tmp/geods
[2026-04-18 10:56:24] [INET] New connection on fd=6
[2026-04-18 11:01:11] [AUTH] User user1 auth result: 1 (using passwords.txt)
[2026-04-18 11:01:11] [SESSION] Created session 1000 for user user1
[2026-04-18 11:01:11] [INET] User user1 authenticated, session=1000
[2026-04-18 11:02:38] [QUEUE] Task 1 added: manual_input
[2026-04-18 11:02:38] [GEO] Session 1000: 2 points, distance=411.27 km
[2026-04-18 11:03:00] [QUEUE] Task 2 added: test.gpx
[2026-04-18 11:03:00] [GEO] Session 1000: 3 points, distance=628.95 km
[2026-04-23 11:42:50] [MAIN] Starting Geo Processing Server...
[2026-04-23 11:42:50] [INET] Starting INET server on port 18081...
[2026-04-23 11:42:50] [UNIX] Server listening on /tmp/geods
[2026-04-23 11:42:50] [WORKER] Starting geo worker thread
[2026-04-23 11:43:07] [INET] New connection on fd=6
[2026-04-23 11:43:15] [AUTH] User user1 auth result: 1 (using passwords.txt)
[2026-04-23 11:43:15] [SESSION] Created session 1000 for user user1
[2026-04-23 11:43:15] [INET] User user1 authenticated, session=1000
[2026-04-23 11:43:30] [QUEUE] Task 1 added: test.gpx (3 points)
[2026-04-23 11:44:52] [MAIN] Starting Geo Processing Server...
[2026-04-23 11:44:52] [INET] Starting INET server on port 18081...
[2026-04-23 11:44:52] [WORKER] Starting geo worker thread
[2026-04-23 11:44:52] [UNIX] Server listening on /tmp/geods
[2026-04-23 11:44:57] [INET] New connection on fd=6
[2026-04-23 11:45:03] [AUTH] User user1 auth result: 1 (using passwords.txt)
[2026-04-23 11:45:03] [SESSION] Created session 1000 for user user1
[2026-04-23 11:45:03] [INET] User user1 authenticated, session=1000
[2026-04-23 11:45:24] [QUEUE] Task 1 added: test.geojson (2 points)
[2026-04-23 11:48:23] [MAIN] Starting Geo Processing Server...
[2026-04-23 11:48:23] [INET] Starting INET server on port 18081...
[2026-04-23 11:48:23] [WORKER] Starting geo worker thread
[2026-04-23 11:48:23] [UNIX] Server listening on /tmp/geods
[2026-04-23 11:48:35] [INET] New connection on fd=6
[2026-04-23 11:48:40] [AUTH] User user1 auth result: 1 (using passwords.txt)
[2026-04-23 11:48:40] [SESSION] Created session 1000 for user user1
[2026-04-23 11:48:40] [INET] User user1 authenticated, session=1000
[2026-04-23 11:48:57] [QUEUE] Task 1 added: test.gpx (3 points)
[2026-04-23 11:48:57] [QUEUE] Processing task 1 (3 points)
[2026-04-23 11:48:57] [GEO] Task 1: 3 points, distance=628.95 km
[2026-04-23 11:48:57] [QUEUE] Task 1 completed in 0 ms
[2026-04-23 11:50:15] [UNIX] Admin connected
[2026-04-23 11:53:04] [UNIX] Admin disconnected
[2026-04-23 11:54:32] [MAIN] Starting Geo Processing Server...
[2026-04-23 11:54:32] [WORKER] Starting geo worker thread
[2026-04-23 11:54:32] [INET] Starting INET server on port 18081...
[2026-04-23 11:54:32] [UNIX] Server listening on /tmp/geods
[2026-04-23 11:54:41] [INET] New connection on fd=6
[2026-04-23 11:55:01] [AUTH] User user1 auth result: 1 (using passwords.txt)
[2026-04-23 11:55:01] [SESSION] Created session 1000 for user user1
[2026-04-23 11:55:01] [INET] User user1 authenticated, session=1000
[2026-04-23 11:55:11] [QUEUE] Task 1 added: test.gpx (3 points)
[2026-04-23 11:55:11] [QUEUE] Processing task 1 (3 points)
[2026-04-23 11:55:11] [GEO] Task 1: 3 points, distance=628.95 km
[2026-04-23 11:55:11] [QUEUE] Task 1 completed in 0 ms
[2026-04-23 11:55:16] [UNIX] Admin connected
[2026-04-23 11:55:36] [UNIX] Admin disconnected
[2026-04-23 11:55:40] [UNIX] Admin connected
[2026-04-23 11:56:56] [UNIX] Admin disconnected
[2026-04-23 11:59:04] [MAIN] Starting Geo Processing Server...
[2026-04-23 11:59:04] [UNIX] Server listening on /tmp/geods
[2026-04-23 11:59:04] [INET] Starting INET server on port 18081...
[2026-04-23 11:59:04] [WORKER] Starting geo worker thread
[2026-04-23 11:59:11] [UNIX] Admin connected
[2026-04-23 11:59:29] [UNIX] Admin disconnected
[2026-04-23 12:00:22] [MAIN] Starting Geo Processing Server...
[2026-04-23 12:00:22] [WORKER] Starting geo worker thread
[2026-04-23 12:00:22] [INET] Starting INET server on port 18081...
[2026-04-23 12:00:22] [UNIX] Server listening on /tmp/geods
[2026-04-23 12:00:27] [INET] New connection on fd=6
[2026-04-23 12:00:34] [UNIX] Admin connected
[2026-04-23 12:00:41] [AUTH] User user1\ auth result: 0 (using passwords.txt)
[2026-04-23 12:00:41] [INET] Auth failed for user user1\
[2026-04-23 12:00:46] [AUTH] User user1 auth result: 1 (using passwords.txt)
[2026-04-23 12:00:46] [SESSION] Created session 1000 for user user1
[2026-04-23 12:00:46] [INET] User user1 authenticated, session=1000
[2026-04-23 12:00:54] [QUEUE] Task 1 added: test.gpx (3 points)
[2026-04-23 12:00:54] [QUEUE] Processing task 1 (3 points)
[2026-04-23 12:00:54] [GEO] Task 1: 3 points, distance=628.95 km
[2026-04-23 12:00:54] [QUEUE] Task 1 completed in 0 ms
[2026-04-23 12:02:08] [UNIX] Admin disconnected
[2026-04-23 12:04:26] [MAIN] Starting Geo Processing Server...
[2026-04-23 12:04:26] [INET] Starting INET server on port 18081...
[2026-04-23 12:04:26] [UNIX] Server listening on /tmp/geods
[2026-04-23 12:04:26] [WORKER] Starting geo worker thread
[2026-04-23 12:07:44] [MAIN] Starting Geo Processing Server...
[2026-04-23 12:07:44] [WORKER] Starting geo worker thread
[2026-04-23 12:07:44] [INET] Starting INET server on port 18081...
[2026-04-23 12:07:44] [UNIX] Server listening on /tmp/geods
[2026-04-23 12:07:54] [INET] New connection on fd=6
[2026-04-23 12:07:59] [AUTH] User user1 auth result: 1 (using passwords.txt)
[2026-04-23 12:07:59] [SESSION] Created session 1000 for user user1
[2026-04-23 12:07:59] [INET] User user1 authenticated, session=1000
[2026-04-23 12:08:54] [QUEUE] Task 1 added: test.gpx (3 points)
[2026-04-23 12:08:54] [QUEUE] Processing task 1 (3 points)
[2026-04-23 12:08:54] [GEO] Task 1: 3 points, distance=628.95 km
[2026-04-23 12:08:54] [QUEUE] Task 1 completed in 0 ms
[2026-04-23 12:09:01] [UNIX] Admin connected
[2026-04-23 12:11:02] [UNIX] Admin disconnected
[2026-04-23 12:31:16] [MAIN] Starting Geo Processing Server...
=== CONFIGURATIE SERVER ===
inet_port: 18081
unix_socket: /tmp/geods
max_clients: 10
buffer_size: 4096
geo.earth_radius: 6371.00
geo.num_children: 4
geo.temp_dir: /tmp/geo_processing
geo.bbox: [-90.0, 90.0, -180.0, 180.0]
[INET] Starting INET server on port 18081...
[2026-04-23 12:31:16] [WORKER] Starting geo worker thread
[2026-04-23 12:31:16] [UNIX] Server listening on /tmp/geods
[2026-04-23 12:33:00] [MAIN] Starting Geo Processing Server...
[2026-04-23 12:33:00] [WORKER] Starting geo worker thread
[2026-04-23 12:33:00] [UNIX] bind failed
[2026-04-23 12:34:09] [MAIN] Starting Geo Processing Server...
[2026-04-23 12:34:09] [UNIX] bind failed
[2026-04-23 12:34:09] [WORKER] Starting geo worker thread
[2026-04-23 13:25:31] [MAIN] Starting Geo Processing Server...
[2026-04-23 13:25:31] [UNIX] bind failed
[2026-04-23 13:25:31] [WORKER] Starting geo worker thread
[2026-04-23 13:36:28] [MAIN] Starting Geo Processing Server...
[2026-04-23 13:36:28] [UNIX] bind failed
[2026-04-23 13:36:28] [WORKER] Starting geo worker thread
[2026-04-23 13:36:39] [AUTH] User user1 auth result: 1 (using passwords.txt)
[2026-04-23 13:36:39] [SESSION] Created session 1000 for user user1
[2026-04-23 13:37:14] [MAIN] Starting Geo Processing Server...
[2026-04-23 13:37:14] [UNIX] bind failed
[2026-04-23 13:37:14] [WORKER] Starting geo worker thread
[2026-04-23 13:38:10] [MAIN] Starting Geo Processing Server...
[2026-04-23 13:38:10] [UNIX] bind failed
[2026-04-23 13:38:10] [WORKER] Starting geo worker thread
[2026-04-23 13:38:21] [AUTH] User user1 auth result: 1 (using passwords.txt)
[2026-04-23 13:38:21] [SESSION] Created session 1000 for user user1
[2026-04-23 13:38:32] [QUEUE] Task 1 added: test.gpx (3 points)
[2026-04-23 13:38:32] [QUEUE] Processing task 1 (3 points)
[2026-04-23 13:38:32] [GEO] Task 1: 3 points, distance=628.95 km
[2026-04-23 13:38:32] [QUEUE] Task 1 completed in 0 ms
[2026-04-23 13:39:52] [MAIN] Starting Geo Processing Server...
[2026-04-23 13:39:52] [WORKER] Starting geo worker thread
[2026-04-23 13:39:52] [UNIX] bind failed
[2026-04-23 13:41:22] [MAIN] Starting Geo Processing Server...
[2026-04-23 13:41:22] [UNIX] bind failed
[2026-04-23 13:41:22] [WORKER] Starting geo worker thread
[2026-04-23 13:42:44] [MAIN] Starting Geo Processing Server...
[2026-04-23 13:42:44] [UNIX] bind failed
[2026-04-23 13:42:44] [WORKER] Starting geo worker thread
[2026-04-23 13:43:29] [MAIN] Starting Geo Processing Server...
[2026-04-23 13:43:29] [UNIX] bind failed
[2026-04-23 13:43:29] [WORKER] Starting geo worker thread
[2026-04-23 13:45:44] [MAIN] Starting Geo Processing Server...
[2026-04-23 13:45:44] [UNIX] bind failed
[2026-04-23 13:45:44] [WORKER] Starting geo worker thread
[2026-04-23 13:46:11] [MAIN] Starting Geo Processing Server...
[2026-04-23 13:46:11] [UNIX] bind failed
[2026-04-23 13:46:11] [WORKER] Starting geo worker thread
[2026-04-23 13:47:47] [MAIN] Starting Geo Processing Server...
[2026-04-23 13:47:47] [WORKER] Starting geo worker thread
[2026-04-23 13:47:47] [UNIX] bind failed
[2026-04-23 13:47:57] [MAIN] Starting Geo Processing Server...
[2026-04-23 13:47:57] [WORKER] Starting geo worker thread
[2026-04-23 13:47:57] [UNIX] bind failed
[2026-04-23 13:50:40] [MAIN] Starting Geo Processing Server...
[2026-04-23 13:50:40] [UNIX] bind failed
[2026-04-23 13:50:40] [WORKER] Starting geo worker thread
[2026-04-23 13:51:54] [MAIN] Starting Geo Processing Server...
[2026-04-23 13:51:54] [UNIX] bind failed
[2026-04-23 13:51:54] [WORKER] Starting geo worker thread
[2026-04-23 13:53:30] [MAIN] Starting Geo Processing Server...
[2026-04-23 13:53:30] [UNIX] bind failed
[2026-04-23 13:53:30] [WORKER] Starting geo worker thread
[2026-04-23 13:55:30] [MAIN] Starting Geo Processing Server...
[2026-04-23 13:55:30] [UNIX] bind failed: No such file or directory
[2026-04-23 13:55:30] [WORKER] Starting geo worker thread
[2026-04-23 14:05:28] [MAIN] Starting Geo Processing Server...
[2026-04-23 14:05:28] [UNIX] bind failed: No such file or directory
[2026-04-23 14:05:28] [WORKER] Starting geo worker thread
[2026-04-23 14:05:37] [MAIN] Starting Geo Processing Server...
[2026-04-23 14:05:37] [UNIX] bind failed: No such file or directory
[2026-04-23 14:05:37] [WORKER] Starting geo worker thread
[2026-04-23 14:08:06] [MAIN] Starting Geo Processing Server...
[2026-04-23 14:08:06] [WORKER] Starting geo worker thread
[2026-04-23 14:08:06] [UNIX] Trying to bind to path: '/tmp/geods.sock'
[2026-04-23 14:08:49] [UNIX] Admin connected
[2026-04-23 14:09:51] [UNIX] Admin disconnected
[2026-04-23 14:12:15] [MAIN] Starting Geo Processing Server...
[2026-04-23 14:12:15] [UNIX] Trying to bind to path: '/tmp/geods.sock'
[2026-04-23 14:12:15] [WORKER] Starting geo worker thread
[2026-04-23 14:18:24] [MAIN] Starting Geo Processing Server...
[2026-04-23 14:18:24] [WORKER] Starting geo worker thread
[2026-04-23 14:18:24] [UNIX] Trying to bind to path: '/tmp/geods.sock'
[2026-04-23 14:20:51] [MAIN] Starting Geo Processing Server...
[2026-04-23 14:20:51] [WORKER] Starting geo worker thread
[2026-04-23 14:20:51] [UNIX] Trying to bind to path: '/tmp/geods.sock'
[2026-04-23 14:21:02] [AUTH] User pass1 auth result: 0 (using passwords.txt)
[2026-04-23 14:21:13] [AUTH] User user1 auth result: 1 (using passwords.txt)
[2026-04-23 14:21:13] [SESSION] Created session 1000 for user user1
[2026-04-23 14:21:29] [QUEUE] Task 1 added: test.gpx (3 points)
[2026-04-23 14:21:29] [QUEUE] Processing task 1 (3 points)
[2026-04-23 14:21:29] [GEO] Task 1: 3 points, distance=628.95 km
[2026-04-23 14:21:29] [QUEUE] Task 1 completed in 0 ms
[2026-04-23 14:21:42] [QUEUE] Task 2 added: test.gpx (3 points)
[2026-04-23 14:21:42] [QUEUE] Processing task 2 (3 points)
[2026-04-23 14:21:42] [GEO] Task 2: 3 points, distance=628.95 km
[2026-04-23 14:21:42] [QUEUE] Task 2 completed in 0 ms
[2026-04-23 14:21:53] [QUEUE] Task 3 added: test.gpx (3 points)
[2026-04-23 14:21:53] [QUEUE] Processing task 3 (3 points)
[2026-04-23 14:21:53] [GEO] Task 3: 3 points, distance=628.95 km
[2026-04-23 14:21:53] [QUEUE] Task 3 completed in 0 ms
